#-----------------------------------------------------------
# Vivado v2018.3 (64-bit)
# SW Build 2405991 on Thu Dec  6 23:38:27 MST 2018
# IP Build 2404404 on Fri Dec  7 01:43:56 MST 2018
# Start of session at: Wed Jul 29 23:13:21 2020
# Process ID: 11052
# Current directory: C:/Users/73472/Desktop/FPGA/Clock
# Command line: vivado.exe -gui_launcher_event rodinguilauncherevent9884 C:\Users\73472\Desktop\FPGA\Clock\Clock.xpr
# Log file: C:/Users/73472/Desktop/FPGA/Clock/vivado.log
# Journal file: C:/Users/73472/Desktop/FPGA/Clock\vivado.jou
#-----------------------------------------------------------
start_gui
open_project C:/Users/73472/Desktop/FPGA/Clock/Clock.xpr
INFO: [Project 1-313] Project file moved from 'F:/Others/SQXX/Clock' since last save.
Scanning sources...
Finished scanning sources
INFO: [IP_Flow 19-234] Refreshing IP repositories
INFO: [IP_Flow 19-1704] No user IP repositories specified
INFO: [IP_Flow 19-2313] Loaded Vivado IP repository 'D:/vivado/Vivado/2018.3/data/ip'.
open_project: Time (s): cpu = 00:00:21 ; elapsed = 00:00:16 . Memory (MB): peak = 794.836 ; gain = 191.383
update_compile_order -fileset sources_1
launch_simulation
INFO: [Vivado 12-5682] Launching behavioral simulation in 'C:/Users/73472/Desktop/FPGA/Clock/Clock.sim/sim_1/behav/xsim'
INFO: [SIM-utils-51] Simulation object is 'sim_1'
INFO: [SIM-utils-54] Inspecting design source files for 'Switch' in fileset 'sim_1'...
INFO: [USF-XSim-97] Finding global include files...
INFO: [USF-XSim-98] Fetching design files from 'sim_1'...
INFO: [USF-XSim-2] XSim::Compile design
INFO: [USF-XSim-61] Executing 'COMPILE and ANALYZE' step in 'C:/Users/73472/Desktop/FPGA/Clock/Clock.sim/sim_1/behav/xsim'
"xvlog --incr --relax -prj Switch_vlog.prj"
INFO: [VRFC 10-2263] Analyzing Verilog file "C:/Users/73472/Desktop/FPGA/Clock/Clock.srcs/sources_1/new/Switch.v" into library xil_defaultlib
INFO: [VRFC 10-311] analyzing module Switch
INFO: [VRFC 10-311] analyzing module Decoder
INFO: [VRFC 10-2263] Analyzing Verilog file "C:/Users/73472/Desktop/FPGA/Clock/Clock.sim/sim_1/behav/xsim/glbl.v" into library xil_defaultlib
INFO: [VRFC 10-311] analyzing module glbl
INFO: [USF-XSim-69] 'compile' step finished in '2' seconds
INFO: [USF-XSim-3] XSim::Elaborate design
INFO: [USF-XSim-61] Executing 'ELABORATE' step in 'C:/Users/73472/Desktop/FPGA/Clock/Clock.sim/sim_1/behav/xsim'
Vivado Simulator 2018.3
Copyright 1986-1999, 2001-2018 Xilinx, Inc. All Rights Reserved.
Running: D:/vivado/Vivado/2018.3/bin/unwrapped/win64.o/xelab.exe -wto 649345c80e1a41c6a47aed9f8fba1efc --incr --debug typical --relax --mt 2 -L xil_defaultlib -L unisims_ver -L unimacro_ver -L secureip --snapshot Switch_behav xil_defaultlib.Switch xil_defaultlib.glbl -log elaborate.log 
Using 2 slave threads.
Starting static elaboration
Completed static elaboration
Starting simulation data flow analysis
Completed simulation data flow analysis
Time Resolution for simulation is 1ps
Compiling module xil_defaultlib.Decoder
Compiling module xil_defaultlib.Switch
Compiling module xil_defaultlib.glbl
Built simulation snapshot Switch_behav
run_program: Time (s): cpu = 00:00:00 ; elapsed = 00:00:05 . Memory (MB): peak = 794.836 ; gain = 0.000
INFO: [USF-XSim-69] 'elaborate' step finished in '5' seconds
INFO: [USF-XSim-4] XSim::Simulate design
INFO: [USF-XSim-61] Executing 'SIMULATE' step in 'C:/Users/73472/Desktop/FPGA/Clock/Clock.sim/sim_1/behav/xsim'
INFO: [USF-XSim-98] *** Running xsim
   with args "Switch_behav -key {Behavioral:sim_1:Functional:Switch} -tclbatch {Switch.tcl} -log {simulate.log}"
INFO: [USF-XSim-8] Loading simulator feature
Vivado Simulator 2018.3
Time resolution is 1 ps
source Switch.tcl
# set curr_wave [current_wave_config]
# if { [string length $curr_wave] == 0 } {
#   if { [llength [get_objects]] > 0} {
#     add_wave /
#     set_property needs_save false [current_wave_config]
#   } else {
#      send_msg_id Add_Wave-1 WARNING "No top level signals found. Simulator will start without a wave window. If you want to open a wave window go to 'File->New Waveform Configuration' or type 'create_wave_config' in the TCL console."
#   }
# }
# run 1000ns
xsim: Time (s): cpu = 00:00:07 ; elapsed = 00:00:05 . Memory (MB): peak = 795.695 ; gain = 0.859
INFO: [USF-XSim-96] XSim completed. Design snapshot 'Switch_behav' loaded.
INFO: [USF-XSim-97] XSim simulation ran for 1000ns
launch_simulation: Time (s): cpu = 00:00:10 ; elapsed = 00:00:16 . Memory (MB): peak = 795.695 ; gain = 0.859
run all
run all
run all
run all
run all
close_sim
INFO: [Simtcl 6-16] Simulation closed
exit
INFO: [Common 17-206] Exiting Vivado at Wed Jul 29 23:18:37 2020...
